<?xml version="1.0" encoding="UTF-8"?>
<!-- Generated by org.testng.reporters.JUnitXMLReporter -->
<testsuite ignored="0" hostname="DESKTOP-I3EH5DN" failures="0" tests="3" name="Default test" time="50.803" errors="0" timestamp="2025-04-03T15:43:16 IST">
  <testcase classname="com.comcast.ofd.User.CreateUser" name="CreateUser" time="7.865"/>
  <testcase classname="com.comcast.ofd.User.CreateUser" name="Placeorder" time="17.244"/>
  <testcase classname="com.comcast.ofd.User.CreateUser" name="UserLogin" time="5.233"/>
</testsuite> <!-- Default test -->
