<?xml version="1.0" encoding="UTF-8"?>
<testng-results ignored="2" total="10" passed="8" failed="0" skipped="0">
  <reporter-output>
  </reporter-output>
  <suite started-at="2025-04-03T16:08:29 IST" name="Suite" finished-at="2025-04-03T16:11:04 IST" duration-ms="155084">
    <groups>
      <group name="System Test">
        <method signature="AdminLogin.CreateResturant()[pri:0, instance:com.comcast.ofd.Admin.AdminLogin@327514f]" name="CreateResturant" class="com.comcast.ofd.Admin.AdminLogin"/>
        <method signature="AdminLogin.DeleteOrder()[pri:0, instance:com.comcast.ofd.Admin.AdminLogin@327514f]" name="DeleteOrder" class="com.comcast.ofd.Admin.AdminLogin"/>
        <method signature="AdminLogin.ViewOrderDetails()[pri:0, instance:com.comcast.ofd.Admin.AdminLogin@327514f]" name="ViewOrderDetails" class="com.comcast.ofd.Admin.AdminLogin"/>
        <method signature="CreateUser.Placeorder()[pri:0, instance:com.comcast.ofd.User.CreateUser@38425407]" name="Placeorder" class="com.comcast.ofd.User.CreateUser"/>
      </group> <!-- System Test -->
      <group name="Smoke Test">
        <method signature="AdminLogin.AdminLogin()[pri:0, instance:com.comcast.ofd.Admin.AdminLogin@327514f]" name="AdminLogin" class="com.comcast.ofd.Admin.AdminLogin"/>
        <method signature="CreateUser.CreateUser()[pri:0, instance:com.comcast.ofd.User.CreateUser@38425407]" name="CreateUser" class="com.comcast.ofd.User.CreateUser"/>
      </group> <!-- Smoke Test -->
      <group name="IntegrationTest">
        <method signature="AdminLogin.AddCateogry()[pri:0, instance:com.comcast.ofd.Admin.AdminLogin@327514f]" name="AddCateogry" class="com.comcast.ofd.Admin.AdminLogin"/>
        <method signature="CreateUser.UserLogin()[pri:0, instance:com.comcast.ofd.User.CreateUser@38425407]" name="UserLogin" class="com.comcast.ofd.User.CreateUser"/>
      </group> <!-- IntegrationTest -->
    </groups>
    <test started-at="2025-04-03T16:08:29 IST" name="Test" finished-at="2025-04-03T16:11:04 IST" duration-ms="155084">
      <class name="com.comcast.ofd.User.CreateUser">
        <test-method is-config="true" signature="congifgBS()[pri:0, instance:com.comcast.ofd.User.CreateUser@38425407]" started-at="2025-04-03T16:08:29 IST" name="congifgBS" finished-at="2025-04-03T16:08:29 IST" duration-ms="25" status="PASS">
          <reporter-output>
          </reporter-output>
        </test-method> <!-- congifgBS -->
        <test-method is-config="true" signature="configBC()[pri:0, instance:com.comcast.ofd.User.CreateUser@38425407]" started-at="2025-04-03T16:08:29 IST" name="configBC" finished-at="2025-04-03T16:08:33 IST" duration-ms="3857" status="PASS">
          <reporter-output>
          </reporter-output>
        </test-method> <!-- configBC -->
        <test-method is-config="true" signature="configBM()[pri:0, instance:com.comcast.ofd.User.CreateUser@38425407]" started-at="2025-04-03T16:08:33 IST" name="configBM" finished-at="2025-04-03T16:08:40 IST" duration-ms="6788" status="PASS">
          <reporter-output>
          </reporter-output>
        </test-method> <!-- configBM -->
        <test-method signature="CreateUser()[pri:0, instance:com.comcast.ofd.User.CreateUser@38425407]" started-at="2025-04-03T16:08:40 IST" name="CreateUser" finished-at="2025-04-03T16:08:48 IST" duration-ms="7891" status="PASS">
          <reporter-output>
          </reporter-output>
        </test-method> <!-- CreateUser -->
        <test-method is-config="true" signature="configAM()[pri:0, instance:com.comcast.ofd.User.CreateUser@38425407]" started-at="2025-04-03T16:08:48 IST" name="configAM" finished-at="2025-04-03T16:08:48 IST" duration-ms="1" status="PASS">
          <reporter-output>
          </reporter-output>
        </test-method> <!-- configAM -->
        <test-method is-config="true" signature="configBM()[pri:0, instance:com.comcast.ofd.User.CreateUser@38425407]" started-at="2025-04-03T16:08:48 IST" name="configBM" finished-at="2025-04-03T16:08:53 IST" duration-ms="5259" status="PASS">
          <reporter-output>
          </reporter-output>
        </test-method> <!-- configBM -->
        <test-method signature="Placeorder()[pri:0, instance:com.comcast.ofd.User.CreateUser@38425407]" started-at="2025-04-03T16:08:53 IST" name="Placeorder" finished-at="2025-04-03T16:09:10 IST" duration-ms="17258" status="PASS">
          <reporter-output>
          </reporter-output>
        </test-method> <!-- Placeorder -->
        <test-method is-config="true" signature="configAM()[pri:0, instance:com.comcast.ofd.User.CreateUser@38425407]" started-at="2025-04-03T16:09:10 IST" name="configAM" finished-at="2025-04-03T16:09:10 IST" duration-ms="1" status="PASS">
          <reporter-output>
          </reporter-output>
        </test-method> <!-- configAM -->
        <test-method is-config="true" signature="configBM()[pri:0, instance:com.comcast.ofd.User.CreateUser@38425407]" started-at="2025-04-03T16:09:10 IST" name="configBM" finished-at="2025-04-03T16:09:16 IST" duration-ms="5230" status="PASS">
          <reporter-output>
          </reporter-output>
        </test-method> <!-- configBM -->
        <test-method signature="UserLogin()[pri:0, instance:com.comcast.ofd.User.CreateUser@38425407]" started-at="2025-04-03T16:09:16 IST" name="UserLogin" finished-at="2025-04-03T16:09:21 IST" duration-ms="5234" status="PASS">
          <reporter-output>
          </reporter-output>
        </test-method> <!-- UserLogin -->
        <test-method is-config="true" signature="configAM()[pri:0, instance:com.comcast.ofd.User.CreateUser@38425407]" started-at="2025-04-03T16:09:21 IST" name="configAM" finished-at="2025-04-03T16:09:21 IST" duration-ms="2" status="PASS">
          <reporter-output>
          </reporter-output>
        </test-method> <!-- configAM -->
        <test-method is-config="true" signature="configAC()[pri:0, instance:com.comcast.ofd.User.CreateUser@38425407]" started-at="2025-04-03T16:09:21 IST" name="configAC" finished-at="2025-04-03T16:09:21 IST" duration-ms="442" status="PASS">
          <reporter-output>
          </reporter-output>
        </test-method> <!-- configAC -->
        <test-method is-config="true" signature="congifgAS()[pri:0, instance:com.comcast.ofd.User.CreateUser@38425407]" started-at="2025-04-03T16:11:05 IST" name="congifgAS" finished-at="2025-04-03T16:11:05 IST" duration-ms="0" status="PASS">
          <reporter-output>
          </reporter-output>
        </test-method> <!-- congifgAS -->
      </class> <!-- com.comcast.ofd.User.CreateUser -->
      <class name="com.comcast.ofd.Admin.AdminLogin">
        <test-method is-config="true" signature="configBC()[pri:0, instance:com.comcast.ofd.Admin.AdminLogin@327514f]" started-at="2025-04-03T16:09:21 IST" name="configBC" finished-at="2025-04-03T16:09:24 IST" duration-ms="2282" status="PASS">
          <reporter-output>
          </reporter-output>
        </test-method> <!-- configBC -->
        <test-method is-config="true" signature="configBM()[pri:0, instance:com.comcast.ofd.Admin.AdminLogin@327514f]" started-at="2025-04-03T16:09:24 IST" name="configBM" finished-at="2025-04-03T16:09:31 IST" duration-ms="6915" status="PASS">
          <reporter-output>
          </reporter-output>
        </test-method> <!-- configBM -->
        <test-method signature="AddCateogry()[pri:0, instance:com.comcast.ofd.Admin.AdminLogin@327514f]" started-at="2025-04-03T16:09:31 IST" name="AddCateogry" finished-at="2025-04-03T16:09:42 IST" duration-ms="11344" status="PASS">
          <reporter-output>
          </reporter-output>
        </test-method> <!-- AddCateogry -->
        <test-method is-config="true" signature="configAM()[pri:0, instance:com.comcast.ofd.Admin.AdminLogin@327514f]" started-at="2025-04-03T16:09:42 IST" name="configAM" finished-at="2025-04-03T16:09:42 IST" duration-ms="1" status="PASS">
          <reporter-output>
          </reporter-output>
        </test-method> <!-- configAM -->
        <test-method is-config="true" signature="configBM()[pri:0, instance:com.comcast.ofd.Admin.AdminLogin@327514f]" started-at="2025-04-03T16:09:42 IST" name="configBM" finished-at="2025-04-03T16:09:47 IST" duration-ms="5212" status="PASS">
          <reporter-output>
          </reporter-output>
        </test-method> <!-- configBM -->
        <test-method signature="AdminLogin()[pri:0, instance:com.comcast.ofd.Admin.AdminLogin@327514f]" started-at="2025-04-03T16:09:47 IST" name="AdminLogin" finished-at="2025-04-03T16:09:56 IST" duration-ms="8476" status="PASS">
          <reporter-output>
          </reporter-output>
        </test-method> <!-- AdminLogin -->
        <test-method is-config="true" signature="configAM()[pri:0, instance:com.comcast.ofd.Admin.AdminLogin@327514f]" started-at="2025-04-03T16:09:56 IST" name="configAM" finished-at="2025-04-03T16:09:56 IST" duration-ms="2" status="PASS">
          <reporter-output>
          </reporter-output>
        </test-method> <!-- configAM -->
        <test-method is-config="true" signature="configBM()[pri:0, instance:com.comcast.ofd.Admin.AdminLogin@327514f]" started-at="2025-04-03T16:09:56 IST" name="configBM" finished-at="2025-04-03T16:10:01 IST" duration-ms="5421" status="PASS">
          <reporter-output>
          </reporter-output>
        </test-method> <!-- configBM -->
        <test-method signature="CreateResturant()[pri:0, instance:com.comcast.ofd.Admin.AdminLogin@327514f]" started-at="2025-04-03T16:10:01 IST" name="CreateResturant" finished-at="2025-04-03T16:10:17 IST" duration-ms="16408" status="PASS">
          <reporter-output>
          </reporter-output>
        </test-method> <!-- CreateResturant -->
        <test-method is-config="true" signature="configAM()[pri:0, instance:com.comcast.ofd.Admin.AdminLogin@327514f]" started-at="2025-04-03T16:10:17 IST" name="configAM" finished-at="2025-04-03T16:10:17 IST" duration-ms="3" status="PASS">
          <reporter-output>
          </reporter-output>
        </test-method> <!-- configAM -->
        <test-method is-config="true" signature="configBM()[pri:0, instance:com.comcast.ofd.Admin.AdminLogin@327514f]" started-at="2025-04-03T16:10:17 IST" name="configBM" finished-at="2025-04-03T16:10:23 IST" duration-ms="5186" status="PASS">
          <reporter-output>
          </reporter-output>
        </test-method> <!-- configBM -->
        <test-method signature="DeleteOrder()[pri:0, instance:com.comcast.ofd.Admin.AdminLogin@327514f]" started-at="2025-04-03T16:10:23 IST" name="DeleteOrder" finished-at="2025-04-03T16:10:39 IST" duration-ms="16358" status="PASS">
          <reporter-output>
          </reporter-output>
        </test-method> <!-- DeleteOrder -->
        <test-method is-config="true" signature="configAM()[pri:0, instance:com.comcast.ofd.Admin.AdminLogin@327514f]" started-at="2025-04-03T16:10:39 IST" name="configAM" finished-at="2025-04-03T16:10:39 IST" duration-ms="1" status="PASS">
          <reporter-output>
          </reporter-output>
        </test-method> <!-- configAM -->
        <test-method is-config="true" signature="configBM()[pri:0, instance:com.comcast.ofd.Admin.AdminLogin@327514f]" started-at="2025-04-03T16:10:39 IST" name="configBM" finished-at="2025-04-03T16:10:44 IST" duration-ms="5246" status="PASS">
          <reporter-output>
          </reporter-output>
        </test-method> <!-- configBM -->
        <test-method signature="ViewOrderDetails()[pri:0, instance:com.comcast.ofd.Admin.AdminLogin@327514f]" started-at="2025-04-03T16:10:44 IST" name="ViewOrderDetails" finished-at="2025-04-03T16:11:02 IST" duration-ms="18055" status="PASS">
          <reporter-output>
          </reporter-output>
        </test-method> <!-- ViewOrderDetails -->
        <test-method is-config="true" signature="configAM()[pri:0, instance:com.comcast.ofd.Admin.AdminLogin@327514f]" started-at="2025-04-03T16:11:02 IST" name="configAM" finished-at="2025-04-03T16:11:02 IST" duration-ms="5" status="PASS">
          <reporter-output>
          </reporter-output>
        </test-method> <!-- configAM -->
        <test-method is-config="true" signature="configAC()[pri:0, instance:com.comcast.ofd.Admin.AdminLogin@327514f]" started-at="2025-04-03T16:11:02 IST" name="configAC" finished-at="2025-04-03T16:11:04 IST" duration-ms="2011" status="PASS">
          <reporter-output>
          </reporter-output>
        </test-method> <!-- configAC -->
      </class> <!-- com.comcast.ofd.Admin.AdminLogin -->
    </test> <!-- Test -->
  </suite> <!-- Suite -->
</testng-results>
