<?xml version="1.0" encoding="UTF-8"?>
<!-- Generated by org.testng.reporters.JUnitXMLReporter -->
<testsuite ignored="2" hostname="DESKTOP-I3EH5DN" failures="0" tests="8" name="Test" time="155.084" errors="0" timestamp="2025-04-03T16:11:05 IST">
  <testcase classname="com.comcast.ofd.User.CreateUser" name="CreateUser" time="7.891"/>
  <testcase classname="com.comcast.ofd.User.CreateUser" name="Placeorder" time="17.258"/>
  <testcase classname="com.comcast.ofd.User.CreateUser" name="UserLogin" time="5.234"/>
  <testcase classname="com.comcast.ofd.Admin.AdminLogin" name="AddCateogry" time="11.344"/>
  <testcase classname="com.comcast.ofd.Admin.AdminLogin" name="AdminLogin" time="8.476"/>
  <testcase classname="com.comcast.ofd.Admin.AdminLogin" name="CreateResturant" time="16.408"/>
  <testcase classname="com.comcast.ofd.Admin.AdminLogin" name="DeleteOrder" time="16.358"/>
  <testcase classname="com.comcast.ofd.Admin.AdminLogin" name="ViewOrderDetails" time="18.055"/>
  <testcase classname="com.comcast.ofd.BaseTest.BaseClass" name="@BeforeSuite congifgBS" time="0.0">
    <ignored/>
  </testcase> <!-- @BeforeSuite congifgBS -->
  <testcase classname="com.comcast.ofd.BaseTest.BaseClass" name="@AfterSuite congifgAS" time="0.0">
    <ignored/>
  </testcase> <!-- @AfterSuite congifgAS -->
</testsuite> <!-- Test -->
